<?xml version="1.1" encoding="UTF-8"?>
<testsuite name="mvc.functional.GetTest" tests="1" failures="1" errors="0" timestamp="1970-01-01T00:00:00" hostname="TWers-MacBook-Pro-9.local" time="1.368027905576E9">
  <properties/>
  <testcase name="should_response_get_request" classname="mvc.functional.GetTest" time="2.462">
    <failure message="java.lang.AssertionError: &#10;Expected: is &quot;this is the house index page, there are 5 houses&quot;&#10;     but: was &quot;HTTP ERROR: 503\nProblem accessing /sample/house/index. Reason:\n    Service Unavailable\nPowered by Jetty://&quot;" type="java.lang.AssertionError">java.lang.AssertionError: 
Expected: is &quot;this is the house index page, there are 5 houses&quot;
     but: was &quot;HTTP ERROR: 503\nProblem accessing /sample/house/index. Reason:\n    Service Unavailable\nPowered by Jetty://&quot;
	at org.hamcrest.MatcherAssert.assertThat(MatcherAssert.java:20)
	at org.hamcrest.MatcherAssert.assertThat(MatcherAssert.java:8)
	at mvc.functional.GetTest.should_response_get_request(GetTest.java:13)
	at sun.reflect.NativeMethodAccessorImpl.invoke0(Native Method)
	at sun.reflect.NativeMethodAccessorImpl.invoke(NativeMethodAccessorImpl.java:57)
	at sun.reflect.DelegatingMethodAccessorImpl.invoke(DelegatingMethodAccessorImpl.java:43)
	at java.lang.reflect.Method.invoke(Method.java:601)
	at org.junit.runners.model.FrameworkMethod$1.runReflectiveCall(FrameworkMethod.java:45)
	at org.junit.internal.runners.model.ReflectiveCallable.run(ReflectiveCallable.java:15)
	at org.junit.runners.model.FrameworkMethod.invokeExplosively(FrameworkMethod.java:42)
	at org.junit.internal.runners.statements.InvokeMethod.evaluate(InvokeMethod.java:20)
	at org.junit.internal.runners.statements.RunBefores.evaluate(RunBefores.java:28)
	at org.junit.internal.runners.statements.RunAfters.evaluate(RunAfters.java:30)
	at org.junit.runners.ParentRunner.runLeaf(ParentRunner.java:263)
	at org.junit.runners.BlockJUnit4ClassRunner.runChild(BlockJUnit4ClassRunner.java:68)
	at org.junit.runners.BlockJUnit4ClassRunner.runChild(BlockJUnit4ClassRunner.java:47)
	at org.junit.runners.ParentRunner$3.run(ParentRunner.java:231)
	at org.junit.runners.ParentRunner$1.schedule(ParentRunner.java:60)
	at org.junit.runners.ParentRunner.runChildren(ParentRunner.java:229)
	at org.junit.runners.ParentRunner.access$000(ParentRunner.java:50)
	at org.junit.runners.ParentRunner$2.evaluate(ParentRunner.java:222)
	at org.junit.runners.ParentRunner.run(ParentRunner.java:300)
	at org.gradle.api.internal.tasks.testing.junit.JUnitTestClassExecuter.runTestClass(JUnitTestClassExecuter.java:55)
	at org.gradle.api.internal.tasks.testing.junit.JUnitTestClassExecuter.execute(JUnitTestClassExecuter.java:42)
	at org.gradle.api.internal.tasks.testing.junit.JUnitTestClassProcessor.processTestClass(JUnitTestClassProcessor.java:71)
	at org.gradle.api.internal.tasks.testing.SuiteTestClassProcessor.processTestClass(SuiteTestClassProcessor.java:49)
	at sun.reflect.NativeMethodAccessorImpl.invoke0(Native Method)
	at sun.reflect.NativeMethodAccessorImpl.invoke(NativeMethodAccessorImpl.java:57)
	at sun.reflect.DelegatingMethodAccessorImpl.invoke(DelegatingMethodAccessorImpl.java:43)
	at java.lang.reflect.Method.invoke(Method.java:601)
	at org.gradle.messaging.dispatch.ReflectionDispatch.dispatch(ReflectionDispatch.java:35)
	at org.gradle.messaging.dispatch.ReflectionDispatch.dispatch(ReflectionDispatch.java:24)
	at org.gradle.messaging.dispatch.ContextClassLoaderDispatch.dispatch(ContextClassLoaderDispatch.java:32)
	at org.gradle.messaging.dispatch.ProxyDispatchAdapter$DispatchingInvocationHandler.invoke(ProxyDispatchAdapter.java:93)
	at com.sun.proxy.$Proxy2.processTestClass(Unknown Source)
	at org.gradle.api.internal.tasks.testing.worker.TestWorker.processTestClass(TestWorker.java:103)
	at sun.reflect.NativeMethodAccessorImpl.invoke0(Native Method)
	at sun.reflect.NativeMethodAccessorImpl.invoke(NativeMethodAccessorImpl.java:57)
	at sun.reflect.DelegatingMethodAccessorImpl.invoke(DelegatingMethodAccessorImpl.java:43)
	at java.lang.reflect.Method.invoke(Method.java:601)
	at org.gradle.messaging.dispatch.ReflectionDispatch.dispatch(ReflectionDispatch.java:35)
	at org.gradle.messaging.dispatch.ReflectionDispatch.dispatch(ReflectionDispatch.java:24)
	at org.gradle.messaging.remote.internal.hub.MessageHub$Handler.run(MessageHub.java:355)
	at org.gradle.internal.concurrent.DefaultExecutorFactory$StoppableExecutorImpl$1.run(DefaultExecutorFactory.java:66)
	at java.util.concurrent.ThreadPoolExecutor.runWorker(ThreadPoolExecutor.java:1145)
	at java.util.concurrent.ThreadPoolExecutor$Worker.run(ThreadPoolExecutor.java:615)
	at java.lang.Thread.run(Thread.java:722)
</failure>
  </testcase>
  <system-out><![CDATA[]]></system-out>
  <system-err><![CDATA[2013-05-08 23:45:03.247:INFO:oejs.Server:Test worker: jetty-9.0.0.v20130308
2013-05-08 23:45:03.286:WARN:oejw.WebInfConfiguration:Test worker: Web application not found /Users/twer/Myfiles/Projects/MVC/simple-orm/sample/sample/src/main/webapp
2013-05-08 23:45:03.286:WARN:oejw.WebAppContext:Test worker: Failed startup of context o.e.j.w.WebAppContext@183f0b60{/sample,null,null}{/Users/twer/Myfiles/Projects/MVC/simple-orm/sample/sample/src/main/webapp}
java.io.FileNotFoundException: /Users/twer/Myfiles/Projects/MVC/simple-orm/sample/sample/src/main/webapp
	at org.eclipse.jetty.webapp.WebInfConfiguration.unpack(WebInfConfiguration.java:503)
	at org.eclipse.jetty.webapp.WebInfConfiguration.preConfigure(WebInfConfiguration.java:72)
	at org.eclipse.jetty.webapp.WebAppContext.preConfigure(WebAppContext.java:453)
	at org.eclipse.jetty.webapp.WebAppContext.doStart(WebAppContext.java:489)
	at org.eclipse.jetty.util.component.AbstractLifeCycle.start(AbstractLifeCycle.java:69)
	at org.eclipse.jetty.util.component.ContainerLifeCycle.start(ContainerLifeCycle.java:108)
	at org.eclipse.jetty.server.Server.start(Server.java:346)
	at org.eclipse.jetty.util.component.ContainerLifeCycle.doStart(ContainerLifeCycle.java:90)
	at org.eclipse.jetty.server.handler.AbstractHandler.doStart(AbstractHandler.java:58)
	at org.eclipse.jetty.server.Server.doStart(Server.java:294)
	at org.eclipse.jetty.util.component.AbstractLifeCycle.start(AbstractLifeCycle.java:69)
	at com.thoughtworks.mvc.main.JettyLauncher.start(JettyLauncher.java:21)
	at mvc.functional.FunctionalTest.setUp(FunctionalTest.java:16)
	at sun.reflect.NativeMethodAccessorImpl.invoke0(Native Method)
	at sun.reflect.NativeMethodAccessorImpl.invoke(NativeMethodAccessorImpl.java:57)
	at sun.reflect.DelegatingMethodAccessorImpl.invoke(DelegatingMethodAccessorImpl.java:43)
	at java.lang.reflect.Method.invoke(Method.java:601)
	at org.junit.runners.model.FrameworkMethod$1.runReflectiveCall(FrameworkMethod.java:45)
	at org.junit.internal.runners.model.ReflectiveCallable.run(ReflectiveCallable.java:15)
	at org.junit.runners.model.FrameworkMethod.invokeExplosively(FrameworkMethod.java:42)
	at org.junit.internal.runners.statements.RunBefores.evaluate(RunBefores.java:27)
	at org.junit.internal.runners.statements.RunAfters.evaluate(RunAfters.java:30)
	at org.junit.runners.ParentRunner.runLeaf(ParentRunner.java:263)
	at org.junit.runners.BlockJUnit4ClassRunner.runChild(BlockJUnit4ClassRunner.java:68)
	at org.junit.runners.BlockJUnit4ClassRunner.runChild(BlockJUnit4ClassRunner.java:47)
	at org.junit.runners.ParentRunner$3.run(ParentRunner.java:231)
	at org.junit.runners.ParentRunner$1.schedule(ParentRunner.java:60)
	at org.junit.runners.ParentRunner.runChildren(ParentRunner.java:229)
	at org.junit.runners.ParentRunner.access$000(ParentRunner.java:50)
	at org.junit.runners.ParentRunner$2.evaluate(ParentRunner.java:222)
	at org.junit.runners.ParentRunner.run(ParentRunner.java:300)
	at org.gradle.api.internal.tasks.testing.junit.JUnitTestClassExecuter.runTestClass(JUnitTestClassExecuter.java:55)
	at org.gradle.api.internal.tasks.testing.junit.JUnitTestClassExecuter.execute(JUnitTestClassExecuter.java:42)
	at org.gradle.api.internal.tasks.testing.junit.JUnitTestClassProcessor.processTestClass(JUnitTestClassProcessor.java:71)
	at org.gradle.api.internal.tasks.testing.SuiteTestClassProcessor.processTestClass(SuiteTestClassProcessor.java:49)
	at sun.reflect.NativeMethodAccessorImpl.invoke0(Native Method)
	at sun.reflect.NativeMethodAccessorImpl.invoke(NativeMethodAccessorImpl.java:57)
	at sun.reflect.DelegatingMethodAccessorImpl.invoke(DelegatingMethodAccessorImpl.java:43)
	at java.lang.reflect.Method.invoke(Method.java:601)
	at org.gradle.messaging.dispatch.ReflectionDispatch.dispatch(ReflectionDispatch.java:35)
	at org.gradle.messaging.dispatch.ReflectionDispatch.dispatch(ReflectionDispatch.java:24)
	at org.gradle.messaging.dispatch.ContextClassLoaderDispatch.dispatch(ContextClassLoaderDispatch.java:32)
	at org.gradle.messaging.dispatch.ProxyDispatchAdapter$DispatchingInvocationHandler.invoke(ProxyDispatchAdapter.java:93)
	at com.sun.proxy.$Proxy2.processTestClass(Unknown Source)
	at org.gradle.api.internal.tasks.testing.worker.TestWorker.processTestClass(TestWorker.java:103)
	at sun.reflect.NativeMethodAccessorImpl.invoke0(Native Method)
	at sun.reflect.NativeMethodAccessorImpl.invoke(NativeMethodAccessorImpl.java:57)
	at sun.reflect.DelegatingMethodAccessorImpl.invoke(DelegatingMethodAccessorImpl.java:43)
	at java.lang.reflect.Method.invoke(Method.java:601)
	at org.gradle.messaging.dispatch.ReflectionDispatch.dispatch(ReflectionDispatch.java:35)
	at org.gradle.messaging.dispatch.ReflectionDispatch.dispatch(ReflectionDispatch.java:24)
	at org.gradle.messaging.remote.internal.hub.MessageHub$Handler.run(MessageHub.java:355)
	at org.gradle.internal.concurrent.DefaultExecutorFactory$StoppableExecutorImpl$1.run(DefaultExecutorFactory.java:66)
	at java.util.concurrent.ThreadPoolExecutor.runWorker(ThreadPoolExecutor.java:1145)
	at java.util.concurrent.ThreadPoolExecutor$Worker.run(ThreadPoolExecutor.java:615)
	at java.lang.Thread.run(Thread.java:722)
2013-05-08 23:45:03.312:INFO:oejs.ServerConnector:Test worker: Started ServerConnector@54fc3ac5{HTTP/1.1}{0.0.0.0:8080}
Started ChromeDriver
port=7563
version=26.0.1383.0
log=/Users/twer/Myfiles/Projects/MVC/simple-orm/sample/chromedriver.log
objc[20579]: Object 0x7bb4ef30 of class NSPathStore2 autoreleased with no pool in place - just leaking - break on objc_autoreleaseNoPool() to debug
objc[20579]: Object 0x7ba4ed30 of class NSPathStore2 autoreleased with no pool in place - just leaking - break on objc_autoreleaseNoPool() to debug
objc[20579]: Object 0x7ae6a310 of class NSConcreteData autoreleased with no pool in place - just leaking - break on objc_autoreleaseNoPool() to debug
objc[20579]: Object 0x7ae6a740 of class __NSCFString autoreleased with no pool in place - just leaking - break on objc_autoreleaseNoPool() to debug
objc[20579]: Object 0x7ba4f9b0 of class NSBundle autoreleased with no pool in place - just leaking - break on objc_autoreleaseNoPool() to debug
2013-05-08 23:45:05.560:INFO:oejs.Server:Test worker: Graceful shutdown org.eclipse.jetty.server.Server@6c53cf68 by  Wed May 08 23:45:35 CST 2013
2013-05-08 23:45:05.568:INFO:oejs.ServerConnector:Test worker: Stopped ServerConnector@54fc3ac5{HTTP/1.1}{0.0.0.0:8080}
2013-05-08 23:45:05.569:INFO:oejsh.ContextHandler:Test worker: stopped o.e.j.w.WebAppContext@183f0b60{/sample,null,UNAVAILABLE}{/Users/twer/Myfiles/Projects/MVC/simple-orm/sample/sample/src/main/webapp}
]]></system-err>
</testsuite>
